  Camera.cpp
  CubeRobot.cpp
  Frustum.cpp
  GameTimer.cpp
  HeightMap.cpp
  Keyboard.cpp
  Matrix3.cpp
  Matrix4.cpp
  MD5Anim.cpp
  MD5FileData.cpp
  MD5Mesh.cpp
  MD5Node.cpp
  Mesh.cpp
Mesh.cpp(390): warning C4018: '<': signed/unsigned mismatch
Mesh.cpp(439): warning C4018: '<': signed/unsigned mismatch
  Mouse.cpp
  OBJMesh.cpp
  OGLRenderer.cpp
  Plane.cpp
  Quaternion.cpp
  RenderNode.cpp
  Shader.cpp
  Compiling...
  Window.cpp
  NCLDebug.cpp
  nclgl.vcxproj -> A:\Programming\CSC8503\Build\Release\nclgl.lib
