d:\projects\csc8503cuda\build\ncltech\x64\release\ncltech.pdb
d:\projects\csc8503cuda\build\ncltech\x64\release\spherecollisionshape.obj
d:\projects\csc8503cuda\build\ncltech\x64\release\softbody.obj
d:\projects\csc8503cuda\build\ncltech\x64\release\screenpicker.obj
d:\projects\csc8503cuda\build\ncltech\x64\release\scenemanager.obj
d:\projects\csc8503cuda\build\ncltech\x64\release\physicsnode.obj
d:\projects\csc8503cuda\build\ncltech\x64\release\physicsengine.obj
d:\projects\csc8503cuda\build\ncltech\x64\release\octree.obj
d:\projects\csc8503cuda\build\ncltech\x64\release\networkbase.obj
d:\projects\csc8503cuda\build\ncltech\x64\release\manifold.obj
d:\projects\csc8503cuda\build\ncltech\x64\release\hull.obj
d:\projects\csc8503cuda\build\ncltech\x64\release\graphicspipeline.obj
d:\projects\csc8503cuda\build\ncltech\x64\release\geometryutils.obj
d:\projects\csc8503cuda\build\ncltech\x64\release\cuboidcollisionshape.obj
d:\projects\csc8503cuda\build\ncltech\x64\release\commonutils.obj
d:\projects\csc8503cuda\build\ncltech\x64\release\commonmeshes.obj
d:\projects\csc8503cuda\build\ncltech\x64\release\collisiondetectionsat.obj
d:\projects\csc8503cuda\build\x64\release\ncltech.lib
d:\projects\csc8503cuda\build\ncltech\x64\release\ncltech.tlog\cl.command.1.tlog
d:\projects\csc8503cuda\build\ncltech\x64\release\ncltech.tlog\cl.read.1.tlog
d:\projects\csc8503cuda\build\ncltech\x64\release\ncltech.tlog\cl.write.1.tlog
d:\projects\csc8503cuda\build\ncltech\x64\release\ncltech.tlog\lib-link.read.1.tlog
d:\projects\csc8503cuda\build\ncltech\x64\release\ncltech.tlog\lib-link.write.1.tlog
d:\projects\csc8503cuda\build\ncltech\x64\release\ncltech.tlog\lib.command.1.tlog
